#
# There is insufficient memory for the Java Runtime Environment to continue.
# Native memory allocation (malloc) failed to allocate 32744 bytes for ChunkPool::allocate
# Possible reasons:
#   The system is out of physical RAM or swap space
#   The process is running with CompressedOops enabled, and the Java Heap may be blocking the growth of the native heap
# Possible solutions:
#   Reduce memory load on the system
#   Increase physical memory or swap space
#   Check if swap backing store is full
#   Decrease Java heap size (-Xmx/-Xms)
#   Decrease number of Java threads
#   Decrease Java thread stack sizes (-Xss)
#   Set larger code cache with -XX:ReservedCodeCacheSize=
#   JVM is running with Unscaled Compressed Oops mode in which the Java heap is
#     placed in the first 4GB address space. The Java Heap base address is the
#     maximum limit for the native heap growth. Please use -XX:HeapBaseMinAddress
#     to set the Java Heap base and to place the Java Heap above 4GB virtual address.
# This output file may be truncated or incomplete.
#
#  Out of Memory Error (arena.cpp:78), pid=17936, tid=18120
#
# JRE version: Java(TM) SE Runtime Environment (17.0.4+11) (build 17.0.4+11-LTS-179)
# Java VM: Java HotSpot(TM) 64-Bit Server VM (17.0.4+11-LTS-179, mixed mode, sharing, tiered, compressed oops, compressed class ptrs, g1 gc, windows-amd64)
# No core dump will be written. Minidumps are not enabled by default on client versions of Windows
#

---------------  S U M M A R Y ------------

Command Line: -Dfile.encoding=UTF-8 --module-path=C:\Users\Hp\Documents\NetBeansProjects\Employee_Management_System\build\classes employee_management_system.Splash

Host: Intel(R) Core(TM) i5-10210U CPU @ 1.60GHz, 8 cores, 7G,  Windows 11 , 64 bit Build 22621 (10.0.22621.963)
Time: Mon Dec 19 23:00:05 2022 India Standard Time elapsed time: 23322.923214 seconds (0d 6h 28m 42s)

---------------  T H R E A D  ---------------

Current thread (0x00000162bdf9cbd0):  JavaThread "C2 CompilerThread0" daemon [_thread_in_native, id=18120, stack(0x0000003e67600000,0x0000003e67700000)]


Current CompileTask:
C2:23322923 1134   !   4       java.awt.EventDispatchThread::pumpOneEventForFilters (113 bytes)

Stack: [0x0000003e67600000,0x0000003e67700000]
Native frames: (J=compiled Java code, j=interpreted, Vv=VM code, C=native code)
V  [jvm.dll+0x6723da]
V  [jvm.dll+0x7d1f74]
V  [jvm.dll+0x7d371e]
V  [jvm.dll+0x7d3d83]
V  [jvm.dll+0x242ed5]
V  [jvm.dll+0xaa7c0]
V  [jvm.dll+0xaab0c]
V  [jvm.dll+0x64f318]
V  [jvm.dll+0x64ee3e]
V  [jvm.dll+0x1b7a79]
V  [jvm.dll+0x35cece]
V  [jvm.dll+0x35d36c]
V  [jvm.dll+0x35d150]
V  [jvm.dll+0x2ce263]
V  [jvm.dll+0x638ce7]
V  [jvm.dll+0x10fb7c]
V  [jvm.dll+0x33a7c6]
V  [jvm.dll+0x68df66]
V  [jvm.dll+0x68d2b2]
V  [jvm.dll+0x68877d]
V  [jvm.dll+0x68283b]
V  [jvm.dll+0x681e77]
V  [jvm.dll+0x67fd72]
V  [jvm.dll+0x1a51cc]
V  [jvm.dll+0x1a5d96]
V  [jvm.dll+0x2a8e54]
V  [jvm.dll+0x68a885]
V  [jvm.dll+0x68283b]
V  [jvm.dll+0x681e77]
V  [jvm.dll+0x67fd72]
V  [jvm.dll+0x1a51cc]
V  [jvm.dll+0x1a5d96]
V  [jvm.dll+0x1a5d96]
V  [jvm.dll+0x2a8e54]
V  [jvm.dll+0x68a885]
V  [jvm.dll+0x68283b]
V  [jvm.dll+0x681e77]
V  [jvm.dll+0x67fd72]
V  [jvm.dll+0x1a51cc]
V  [jvm.dll+0x1a5d96]
V  [jvm.dll+0x2a8e54]
V  [jvm.dll+0x68a885]
V  [jvm.dll+0x68283b]
V  [jvm.dll+0x681e77]
V  [jvm.dll+0x67fd72]
V  [jvm.dll+0x1a51cc]
V  [jvm.dll+0x214fd8]
V  [jvm.dll+0x1a1fcd]
V  [jvm.dll+0x224c78]
V  [jvm.dll+0x222de5]
V  [jvm.dll+0x787a5b]
V  [jvm.dll+0x78201a]
V  [jvm.dll+0x671265]
C  [ucrtbase.dll+0x29363]
C  [KERNEL32.DLL+0x126bd]
C  [ntdll.dll+0x5dfb8]


---------------  P R O C E S S  ---------------

Threads class SMR info:
_java_thread_list=0x00000162bf4c3b40, length=16, elements={
0x000001629dfcae10, 0x00000162bdf82c10, 0x00000162bdf836d0, 0x00000162bdf98b80,
0x00000162bdf99440, 0x00000162bdf99d00, 0x00000162bdf9b5d0, 0x00000162bdf9cbd0,
0x00000162bdfa6b70, 0x00000162bdfa7470, 0x00000162be00e6f0, 0x00000162bed14970,
0x00000162beef9d20, 0x00000162beefd4c0, 0x00000162bef013d0, 0x00000162befa6df0
}

Java Threads: ( => current thread )
  0x000001629dfcae10 JavaThread "main" [_thread_blocked, id=12632, stack(0x0000003e66900000,0x0000003e66a00000)]
  0x00000162bdf82c10 JavaThread "Reference Handler" daemon [_thread_blocked, id=16572, stack(0x0000003e67000000,0x0000003e67100000)]
  0x00000162bdf836d0 JavaThread "Finalizer" daemon [_thread_blocked, id=14000, stack(0x0000003e67100000,0x0000003e67200000)]
  0x00000162bdf98b80 JavaThread "Signal Dispatcher" daemon [_thread_blocked, id=12252, stack(0x0000003e67200000,0x0000003e67300000)]
  0x00000162bdf99440 JavaThread "Attach Listener" daemon [_thread_blocked, id=20312, stack(0x0000003e67300000,0x0000003e67400000)]
  0x00000162bdf99d00 JavaThread "Service Thread" daemon [_thread_blocked, id=3524, stack(0x0000003e67400000,0x0000003e67500000)]
  0x00000162bdf9b5d0 JavaThread "Monitor Deflation Thread" daemon [_thread_blocked, id=5020, stack(0x0000003e67500000,0x0000003e67600000)]
=>0x00000162bdf9cbd0 JavaThread "C2 CompilerThread0" daemon [_thread_in_native, id=18120, stack(0x0000003e67600000,0x0000003e67700000)]
  0x00000162bdfa6b70 JavaThread "C1 CompilerThread0" daemon [_thread_blocked, id=13416, stack(0x0000003e67700000,0x0000003e67800000)]
  0x00000162bdfa7470 JavaThread "Sweeper thread" daemon [_thread_blocked, id=14420, stack(0x0000003e67800000,0x0000003e67900000)]
  0x00000162be00e6f0 JavaThread "Common-Cleaner" daemon [_thread_blocked, id=13868, stack(0x0000003e67900000,0x0000003e67a00000)]
  0x00000162bed14970 JavaThread "Notification Thread" daemon [_thread_blocked, id=8568, stack(0x0000003e67a00000,0x0000003e67b00000)]
  0x00000162beef9d20 JavaThread "Java2D Disposer" daemon [_thread_blocked, id=10728, stack(0x0000003e67c00000,0x0000003e67d00000)]
  0x00000162beefd4c0 JavaThread "AWT-Shutdown" [_thread_blocked, id=18656, stack(0x0000003e67d00000,0x0000003e67e00000)]
  0x00000162bef013d0 JavaThread "AWT-Windows" daemon [_thread_in_native, id=13924, stack(0x0000003e67e00000,0x0000003e67f00000)]
  0x00000162befa6df0 JavaThread "AWT-EventQueue-0" [_thread_blocked, id=13060, stack(0x0000003e68000000,0x0000003e68100000)]

Other Threads:
  0x00000162bdf7f370 VMThread "VM Thread" [stack: 0x0000003e66f00000,0x0000003e67000000] [id=13736]
  0x000001629e047570 WatcherThread [stack: 0x0000003e67b00000,0x0000003e67c00000] [id=15676]
  0x000001629e027150 GCTaskThread "GC Thread#0" [stack: 0x0000003e66a00000,0x0000003e66b00000] [id=4224]
  0x000001629e037a20 ConcurrentGCThread "G1 Main Marker" [stack: 0x0000003e66b00000,0x0000003e66c00000] [id=16060]
  0x000001629e0384a0 ConcurrentGCThread "G1 Conc#0" [stack: 0x0000003e66c00000,0x0000003e66d00000] [id=22500]
  0x000001629e093330 ConcurrentGCThread "G1 Refine#0" [stack: 0x0000003e66d00000,0x0000003e66e00000] [id=6948]
  0x000001629e094b10 ConcurrentGCThread "G1 Service" [stack: 0x0000003e66e00000,0x0000003e66f00000] [id=996]

Threads with active compile tasks:
C2 CompilerThread0  23323030 1134   !   4       java.awt.EventDispatchThread::pumpOneEventForFilters (113 bytes)

VM state: not at safepoint (normal execution)

VM Mutex/Monitor currently owned by a thread: None

Heap address: 0x0000000082c00000, size: 2004 MB, Compressed Oops mode: 32-bit

CDS archive(s) mapped at: [0x0000000800000000-0x0000000800bc0000-0x0000000800bc0000), size 12320768, SharedBaseAddress: 0x0000000800000000, ArchiveRelocationMode: 0.
Compressed class space mapped at: 0x0000000800c00000-0x0000000840c00000, reserved size: 1073741824
Narrow klass base: 0x0000000800000000, Narrow klass shift: 0, Narrow klass range: 0x100000000

GC Precious Log:
 CPUs: 8 total, 8 available
 Memory: 8014M
 Large Page Support: Disabled
 NUMA Support: Disabled
 Compressed Oops: Enabled (32-bit)
 Heap Region Size: 1M
 Heap Min Capacity: 8M
 Heap Initial Capacity: 126M
 Heap Max Capacity: 2004M
 Pre-touch: Disabled
 Parallel Workers: 8
 Concurrent Workers: 2
 Concurrent Refinement Workers: 8
 Periodic GC: Disabled

Heap:
 garbage-first heap   total 129024K, used 28672K [0x0000000082c00000, 0x0000000100000000)
  region size 1024K, 18 young (18432K), 0 survivors (0K)
 Metaspace       used 7030K, committed 7232K, reserved 1056768K
  class space    used 765K, committed 896K, reserved 1048576K

Heap Regions: E=young(eden), S=young(survivor), O=old, HS=humongous(starts), HC=humongous(continues), CS=collection set, F=free, OA=open archive, CA=closed archive, TAMS=top-at-mark-start (previous, next)
|   0|0x0000000082c00000, 0x0000000082d00000, 0x0000000082d00000|100%|HS|  |TAMS 0x0000000082c00000, 0x0000000082c00000| Complete 
|   1|0x0000000082d00000, 0x0000000082e00000, 0x0000000082e00000|100%|HC|  |TAMS 0x0000000082d00000, 0x0000000082d00000| Complete 
|   2|0x0000000082e00000, 0x0000000082f00000, 0x0000000082f00000|100%|HC|  |TAMS 0x0000000082e00000, 0x0000000082e00000| Complete 
|   3|0x0000000082f00000, 0x0000000083000000, 0x0000000083000000|100%|HC|  |TAMS 0x0000000082f00000, 0x0000000082f00000| Complete 
|   4|0x0000000083000000, 0x0000000083100000, 0x0000000083100000|100%|HS|  |TAMS 0x0000000083000000, 0x0000000083000000| Complete 
|   5|0x0000000083100000, 0x0000000083200000, 0x0000000083200000|100%|HC|  |TAMS 0x0000000083100000, 0x0000000083100000| Complete 
|   6|0x0000000083200000, 0x0000000083300000, 0x0000000083300000|100%|HC|  |TAMS 0x0000000083200000, 0x0000000083200000| Complete 
|   7|0x0000000083300000, 0x0000000083400000, 0x0000000083400000|100%|HC|  |TAMS 0x0000000083300000, 0x0000000083300000| Complete 
|   8|0x0000000083400000, 0x0000000083500000, 0x0000000083500000|100%|HS|  |TAMS 0x0000000083400000, 0x0000000083400000| Complete 
|   9|0x0000000083500000, 0x0000000083600000, 0x0000000083600000|100%|HC|  |TAMS 0x0000000083500000, 0x0000000083500000| Complete 
|  10|0x0000000083600000, 0x0000000083700000, 0x0000000083700000|100%|HC|  |TAMS 0x0000000083600000, 0x0000000083600000| Complete 
|  11|0x0000000083700000, 0x0000000083700000, 0x0000000083800000|  0%| F|  |TAMS 0x0000000083700000, 0x0000000083700000| Untracked 
|  12|0x0000000083800000, 0x0000000083800000, 0x0000000083900000|  0%| F|  |TAMS 0x0000000083800000, 0x0000000083800000| Untracked 
|  13|0x0000000083900000, 0x0000000083900000, 0x0000000083a00000|  0%| F|  |TAMS 0x0000000083900000, 0x0000000083900000| Untracked 
|  14|0x0000000083a00000, 0x0000000083a00000, 0x0000000083b00000|  0%| F|  |TAMS 0x0000000083a00000, 0x0000000083a00000| Untracked 
|  15|0x0000000083b00000, 0x0000000083b00000, 0x0000000083c00000|  0%| F|  |TAMS 0x0000000083b00000, 0x0000000083b00000| Untracked 
|  16|0x0000000083c00000, 0x0000000083c00000, 0x0000000083d00000|  0%| F|  |TAMS 0x0000000083c00000, 0x0000000083c00000| Untracked 
|  17|0x0000000083d00000, 0x0000000083d00000, 0x0000000083e00000|  0%| F|  |TAMS 0x0000000083d00000, 0x0000000083d00000| Untracked 
|  18|0x0000000083e00000, 0x0000000083e00000, 0x0000000083f00000|  0%| F|  |TAMS 0x0000000083e00000, 0x0000000083e00000| Untracked 
|  19|0x0000000083f00000, 0x0000000083f00000, 0x0000000084000000|  0%| F|  |TAMS 0x0000000083f00000, 0x0000000083f00000| Untracked 
|  20|0x0000000084000000, 0x0000000084000000, 0x0000000084100000|  0%| F|  |TAMS 0x0000000084000000, 0x0000000084000000| Untracked 
|  21|0x0000000084100000, 0x0000000084100000, 0x0000000084200000|  0%| F|  |TAMS 0x0000000084100000, 0x0000000084100000| Untracked 
|  22|0x0000000084200000, 0x0000000084200000, 0x0000000084300000|  0%| F|  |TAMS 0x0000000084200000, 0x0000000084200000| Untracked 
|  23|0x0000000084300000, 0x0000000084300000, 0x0000000084400000|  0%| F|  |TAMS 0x0000000084300000, 0x0000000084300000| Untracked 
|  24|0x0000000084400000, 0x0000000084400000, 0x0000000084500000|  0%| F|  |TAMS 0x0000000084400000, 0x0000000084400000| Untracked 
|  25|0x0000000084500000, 0x0000000084500000, 0x0000000084600000|  0%| F|  |TAMS 0x0000000084500000, 0x0000000084500000| Untracked 
|  26|0x0000000084600000, 0x0000000084600000, 0x0000000084700000|  0%| F|  |TAMS 0x0000000084600000, 0x0000000084600000| Untracked 
|  27|0x0000000084700000, 0x0000000084700000, 0x0000000084800000|  0%| F|  |TAMS 0x0000000084700000, 0x0000000084700000| Untracked 
|  28|0x0000000084800000, 0x0000000084800000, 0x0000000084900000|  0%| F|  |TAMS 0x0000000084800000, 0x0000000084800000| Untracked 
|  29|0x0000000084900000, 0x0000000084900000, 0x0000000084a00000|  0%| F|  |TAMS 0x0000000084900000, 0x0000000084900000| Untracked 
|  30|0x0000000084a00000, 0x0000000084a00000, 0x0000000084b00000|  0%| F|  |TAMS 0x0000000084a00000, 0x0000000084a00000| Untracked 
|  31|0x0000000084b00000, 0x0000000084b00000, 0x0000000084c00000|  0%| F|  |TAMS 0x0000000084b00000, 0x0000000084b00000| Untracked 
|  32|0x0000000084c00000, 0x0000000084c00000, 0x0000000084d00000|  0%| F|  |TAMS 0x0000000084c00000, 0x0000000084c00000| Untracked 
|  33|0x0000000084d00000, 0x0000000084d00000, 0x0000000084e00000|  0%| F|  |TAMS 0x0000000084d00000, 0x0000000084d00000| Untracked 
|  34|0x0000000084e00000, 0x0000000084e00000, 0x0000000084f00000|  0%| F|  |TAMS 0x0000000084e00000, 0x0000000084e00000| Untracked 
|  35|0x0000000084f00000, 0x0000000084f00000, 0x0000000085000000|  0%| F|  |TAMS 0x0000000084f00000, 0x0000000084f00000| Untracked 
|  36|0x0000000085000000, 0x0000000085000000, 0x0000000085100000|  0%| F|  |TAMS 0x0000000085000000, 0x0000000085000000| Untracked 
|  37|0x0000000085100000, 0x0000000085100000, 0x0000000085200000|  0%| F|  |TAMS 0x0000000085100000, 0x0000000085100000| Untracked 
|  38|0x0000000085200000, 0x0000000085200000, 0x0000000085300000|  0%| F|  |TAMS 0x0000000085200000, 0x0000000085200000| Untracked 
|  39|0x0000000085300000, 0x0000000085300000, 0x0000000085400000|  0%| F|  |TAMS 0x0000000085300000, 0x0000000085300000| Untracked 
|  40|0x0000000085400000, 0x0000000085400000, 0x0000000085500000|  0%| F|  |TAMS 0x0000000085400000, 0x0000000085400000| Untracked 
|  41|0x0000000085500000, 0x0000000085500000, 0x0000000085600000|  0%| F|  |TAMS 0x0000000085500000, 0x0000000085500000| Untracked 
|  42|0x0000000085600000, 0x0000000085600000, 0x0000000085700000|  0%| F|  |TAMS 0x0000000085600000, 0x0000000085600000| Untracked 
|  43|0x0000000085700000, 0x0000000085700000, 0x0000000085800000|  0%| F|  |TAMS 0x0000000085700000, 0x0000000085700000| Untracked 
|  44|0x0000000085800000, 0x0000000085800000, 0x0000000085900000|  0%| F|  |TAMS 0x0000000085800000, 0x0000000085800000| Untracked 
|  45|0x0000000085900000, 0x0000000085900000, 0x0000000085a00000|  0%| F|  |TAMS 0x0000000085900000, 0x0000000085900000| Untracked 
|  46|0x0000000085a00000, 0x0000000085a00000, 0x0000000085b00000|  0%| F|  |TAMS 0x0000000085a00000, 0x0000000085a00000| Untracked 
|  47|0x0000000085b00000, 0x0000000085b00000, 0x0000000085c00000|  0%| F|  |TAMS 0x0000000085b00000, 0x0000000085b00000| Untracked 
|  48|0x0000000085c00000, 0x0000000085c00000, 0x0000000085d00000|  0%| F|  |TAMS 0x0000000085c00000, 0x0000000085c00000| Untracked 
|  49|0x0000000085d00000, 0x0000000085d00000, 0x0000000085e00000|  0%| F|  |TAMS 0x0000000085d00000, 0x0000000085d00000| Untracked 
|  50|0x0000000085e00000, 0x0000000085e00000, 0x0000000085f00000|  0%| F|  |TAMS 0x0000000085e00000, 0x0000000085e00000| Untracked 
|  51|0x0000000085f00000, 0x0000000085f00000, 0x0000000086000000|  0%| F|  |TAMS 0x0000000085f00000, 0x0000000085f00000| Untracked 
|  52|0x0000000086000000, 0x0000000086000000, 0x0000000086100000|  0%| F|  |TAMS 0x0000000086000000, 0x0000000086000000| Untracked 
|  53|0x0000000086100000, 0x0000000086100000, 0x0000000086200000|  0%| F|  |TAMS 0x0000000086100000, 0x0000000086100000| Untracked 
|  54|0x0000000086200000, 0x0000000086200000, 0x0000000086300000|  0%| F|  |TAMS 0x0000000086200000, 0x0000000086200000| Untracked 
|  55|0x0000000086300000, 0x0000000086300000, 0x0000000086400000|  0%| F|  |TAMS 0x0000000086300000, 0x0000000086300000| Untracked 
|  56|0x0000000086400000, 0x0000000086400000, 0x0000000086500000|  0%| F|  |TAMS 0x0000000086400000, 0x0000000086400000| Untracked 
|  57|0x0000000086500000, 0x0000000086500000, 0x0000000086600000|  0%| F|  |TAMS 0x0000000086500000, 0x0000000086500000| Untracked 
|  58|0x0000000086600000, 0x0000000086600000, 0x0000000086700000|  0%| F|  |TAMS 0x0000000086600000, 0x0000000086600000| Untracked 
|  59|0x0000000086700000, 0x0000000086700000, 0x0000000086800000|  0%| F|  |TAMS 0x0000000086700000, 0x0000000086700000| Untracked 
|  60|0x0000000086800000, 0x0000000086800000, 0x0000000086900000|  0%| F|  |TAMS 0x0000000086800000, 0x0000000086800000| Untracked 
|  61|0x0000000086900000, 0x0000000086900000, 0x0000000086a00000|  0%| F|  |TAMS 0x0000000086900000, 0x0000000086900000| Untracked 
|  62|0x0000000086a00000, 0x0000000086a00000, 0x0000000086b00000|  0%| F|  |TAMS 0x0000000086a00000, 0x0000000086a00000| Untracked 
|  63|0x0000000086b00000, 0x0000000086b00000, 0x0000000086c00000|  0%| F|  |TAMS 0x0000000086b00000, 0x0000000086b00000| Untracked 
|  64|0x0000000086c00000, 0x0000000086c00000, 0x0000000086d00000|  0%| F|  |TAMS 0x0000000086c00000, 0x0000000086c00000| Untracked 
|  65|0x0000000086d00000, 0x0000000086d00000, 0x0000000086e00000|  0%| F|  |TAMS 0x0000000086d00000, 0x0000000086d00000| Untracked 
|  66|0x0000000086e00000, 0x0000000086e00000, 0x0000000086f00000|  0%| F|  |TAMS 0x0000000086e00000, 0x0000000086e00000| Untracked 
|  67|0x0000000086f00000, 0x0000000086f00000, 0x0000000087000000|  0%| F|  |TAMS 0x0000000086f00000, 0x0000000086f00000| Untracked 
|  68|0x0000000087000000, 0x0000000087000000, 0x0000000087100000|  0%| F|  |TAMS 0x0000000087000000, 0x0000000087000000| Untracked 
|  69|0x0000000087100000, 0x0000000087100000, 0x0000000087200000|  0%| F|  |TAMS 0x0000000087100000, 0x0000000087100000| Untracked 
|  70|0x0000000087200000, 0x0000000087200000, 0x0000000087300000|  0%| F|  |TAMS 0x0000000087200000, 0x0000000087200000| Untracked 
|  71|0x0000000087300000, 0x0000000087300000, 0x0000000087400000|  0%| F|  |TAMS 0x0000000087300000, 0x0000000087300000| Untracked 
|  72|0x0000000087400000, 0x0000000087400000, 0x0000000087500000|  0%| F|  |TAMS 0x0000000087400000, 0x0000000087400000| Untracked 
|  73|0x0000000087500000, 0x0000000087500000, 0x0000000087600000|  0%| F|  |TAMS 0x0000000087500000, 0x0000000087500000| Untracked 
|  74|0x0000000087600000, 0x0000000087600000, 0x0000000087700000|  0%| F|  |TAMS 0x0000000087600000, 0x0000000087600000| Untracked 
|  75|0x0000000087700000, 0x0000000087700000, 0x0000000087800000|  0%| F|  |TAMS 0x0000000087700000, 0x0000000087700000| Untracked 
|  76|0x0000000087800000, 0x0000000087800000, 0x0000000087900000|  0%| F|  |TAMS 0x0000000087800000, 0x0000000087800000| Untracked 
|  77|0x0000000087900000, 0x0000000087900000, 0x0000000087a00000|  0%| F|  |TAMS 0x0000000087900000, 0x0000000087900000| Untracked 
|  78|0x0000000087a00000, 0x0000000087a00000, 0x0000000087b00000|  0%| F|  |TAMS 0x0000000087a00000, 0x0000000087a00000| Untracked 
|  79|0x0000000087b00000, 0x0000000087b00000, 0x0000000087c00000|  0%| F|  |TAMS 0x0000000087b00000, 0x0000000087b00000| Untracked 
|  80|0x0000000087c00000, 0x0000000087c00000, 0x0000000087d00000|  0%| F|  |TAMS 0x0000000087c00000, 0x0000000087c00000| Untracked 
|  81|0x0000000087d00000, 0x0000000087d00000, 0x0000000087e00000|  0%| F|  |TAMS 0x0000000087d00000, 0x0000000087d00000| Untracked 
|  82|0x0000000087e00000, 0x0000000087e00000, 0x0000000087f00000|  0%| F|  |TAMS 0x0000000087e00000, 0x0000000087e00000| Untracked 
|  83|0x0000000087f00000, 0x0000000087f00000, 0x0000000088000000|  0%| F|  |TAMS 0x0000000087f00000, 0x0000000087f00000| Untracked 
|  84|0x0000000088000000, 0x0000000088000000, 0x0000000088100000|  0%| F|  |TAMS 0x0000000088000000, 0x0000000088000000| Untracked 
|  85|0x0000000088100000, 0x0000000088100000, 0x0000000088200000|  0%| F|  |TAMS 0x0000000088100000, 0x0000000088100000| Untracked 
|  86|0x0000000088200000, 0x0000000088200000, 0x0000000088300000|  0%| F|  |TAMS 0x0000000088200000, 0x0000000088200000| Untracked 
|  87|0x0000000088300000, 0x0000000088300000, 0x0000000088400000|  0%| F|  |TAMS 0x0000000088300000, 0x0000000088300000| Untracked 
|  88|0x0000000088400000, 0x0000000088400000, 0x0000000088500000|  0%| F|  |TAMS 0x0000000088400000, 0x0000000088400000| Untracked 
|  89|0x0000000088500000, 0x0000000088500000, 0x0000000088600000|  0%| F|  |TAMS 0x0000000088500000, 0x0000000088500000| Untracked 
|  90|0x0000000088600000, 0x0000000088600000, 0x0000000088700000|  0%| F|  |TAMS 0x0000000088600000, 0x0000000088600000| Untracked 
|  91|0x0000000088700000, 0x0000000088700000, 0x0000000088800000|  0%| F|  |TAMS 0x0000000088700000, 0x0000000088700000| Untracked 
|  92|0x0000000088800000, 0x0000000088800000, 0x0000000088900000|  0%| F|  |TAMS 0x0000000088800000, 0x0000000088800000| Untracked 
|  93|0x0000000088900000, 0x0000000088900000, 0x0000000088a00000|  0%| F|  |TAMS 0x0000000088900000, 0x0000000088900000| Untracked 
|  94|0x0000000088a00000, 0x0000000088a00000, 0x0000000088b00000|  0%| F|  |TAMS 0x0000000088a00000, 0x0000000088a00000| Untracked 
|  95|0x0000000088b00000, 0x0000000088b00000, 0x0000000088c00000|  0%| F|  |TAMS 0x0000000088b00000, 0x0000000088b00000| Untracked 
|  96|0x0000000088c00000, 0x0000000088c00000, 0x0000000088d00000|  0%| F|  |TAMS 0x0000000088c00000, 0x0000000088c00000| Untracked 
|  97|0x0000000088d00000, 0x0000000088d00000, 0x0000000088e00000|  0%| F|  |TAMS 0x0000000088d00000, 0x0000000088d00000| Untracked 
|  98|0x0000000088e00000, 0x0000000088e00000, 0x0000000088f00000|  0%| F|  |TAMS 0x0000000088e00000, 0x0000000088e00000| Untracked 
|  99|0x0000000088f00000, 0x0000000088f00000, 0x0000000089000000|  0%| F|  |TAMS 0x0000000088f00000, 0x0000000088f00000| Untracked 
| 100|0x0000000089000000, 0x0000000089000000, 0x0000000089100000|  0%| F|  |TAMS 0x0000000089000000, 0x0000000089000000| Untracked 
| 101|0x0000000089100000, 0x0000000089100000, 0x0000000089200000|  0%| F|  |TAMS 0x0000000089100000, 0x0000000089100000| Untracked 
| 102|0x0000000089200000, 0x0000000089200000, 0x0000000089300000|  0%| F|  |TAMS 0x0000000089200000, 0x0000000089200000| Untracked 
| 103|0x0000000089300000, 0x0000000089300000, 0x0000000089400000|  0%| F|  |TAMS 0x0000000089300000, 0x0000000089300000| Untracked 
| 104|0x0000000089400000, 0x0000000089400000, 0x0000000089500000|  0%| F|  |TAMS 0x0000000089400000, 0x0000000089400000| Untracked 
| 105|0x0000000089500000, 0x0000000089500000, 0x0000000089600000|  0%| F|  |TAMS 0x0000000089500000, 0x0000000089500000| Untracked 
| 106|0x0000000089600000, 0x0000000089600000, 0x0000000089700000|  0%| F|  |TAMS 0x0000000089600000, 0x0000000089600000| Untracked 
| 107|0x0000000089700000, 0x0000000089700000, 0x0000000089800000|  0%| F|  |TAMS 0x0000000089700000, 0x0000000089700000| Untracked 
| 108|0x0000000089800000, 0x00000000898ec0c0, 0x0000000089900000| 92%| E|  |TAMS 0x0000000089800000, 0x0000000089800000| Complete 
| 109|0x0000000089900000, 0x0000000089a00000, 0x0000000089a00000|100%| E|CS|TAMS 0x0000000089900000, 0x0000000089900000| Complete 
| 110|0x0000000089a00000, 0x0000000089b00000, 0x0000000089b00000|100%| E|CS|TAMS 0x0000000089a00000, 0x0000000089a00000| Complete 
| 111|0x0000000089b00000, 0x0000000089c00000, 0x0000000089c00000|100%| E|CS|TAMS 0x0000000089b00000, 0x0000000089b00000| Complete 
| 112|0x0000000089c00000, 0x0000000089d00000, 0x0000000089d00000|100%| E|CS|TAMS 0x0000000089c00000, 0x0000000089c00000| Complete 
| 113|0x0000000089d00000, 0x0000000089e00000, 0x0000000089e00000|100%| E|CS|TAMS 0x0000000089d00000, 0x0000000089d00000| Complete 
| 114|0x0000000089e00000, 0x0000000089f00000, 0x0000000089f00000|100%| E|CS|TAMS 0x0000000089e00000, 0x0000000089e00000| Complete 
| 115|0x0000000089f00000, 0x000000008a000000, 0x000000008a000000|100%| E|CS|TAMS 0x0000000089f00000, 0x0000000089f00000| Complete 
| 116|0x000000008a000000, 0x000000008a100000, 0x000000008a100000|100%| E|CS|TAMS 0x000000008a000000, 0x000000008a000000| Complete 
| 117|0x000000008a100000, 0x000000008a200000, 0x000000008a200000|100%| E|CS|TAMS 0x000000008a100000, 0x000000008a100000| Complete 
| 118|0x000000008a200000, 0x000000008a300000, 0x000000008a300000|100%| E|CS|TAMS 0x000000008a200000, 0x000000008a200000| Complete 
| 119|0x000000008a300000, 0x000000008a400000, 0x000000008a400000|100%| E|CS|TAMS 0x000000008a300000, 0x000000008a300000| Complete 
| 120|0x000000008a400000, 0x000000008a500000, 0x000000008a500000|100%| E|CS|TAMS 0x000000008a400000, 0x000000008a400000| Complete 
| 121|0x000000008a500000, 0x000000008a600000, 0x000000008a600000|100%| E|CS|TAMS 0x000000008a500000, 0x000000008a500000| Complete 
| 122|0x000000008a600000, 0x000000008a700000, 0x000000008a700000|100%| E|CS|TAMS 0x000000008a600000, 0x000000008a600000| Complete 
| 123|0x000000008a700000, 0x000000008a800000, 0x000000008a800000|100%| E|CS|TAMS 0x000000008a700000, 0x000000008a700000| Complete 
| 124|0x000000008a800000, 0x000000008a900000, 0x000000008a900000|100%| E|CS|TAMS 0x000000008a800000, 0x000000008a800000| Complete 
| 125|0x000000008a900000, 0x000000008aa00000, 0x000000008aa00000|100%| E|CS|TAMS 0x000000008a900000, 0x000000008a900000| Complete 

Card table byte_map: [0x00000162b6e80000,0x00000162b7270000] _byte_map_base: 0x00000162b6a6a000

Marking Bits (Prev, Next): (CMBitMap*) 0x000001629e027670, (CMBitMap*) 0x000001629e0276b0
 Prev Bits: [0x00000162b7660000, 0x00000162b95b0000)
 Next Bits: [0x00000162b95b0000, 0x00000162bb500000)

Polling page: 0x00000162a6ff0000

Metaspace:

Usage:
  Non-class:      6.12 MB used.
      Class:    765.73 KB used.
       Both:      6.87 MB used.

Virtual space:
  Non-class space:        8.00 MB reserved,       6.19 MB ( 77%) committed,  1 nodes.
      Class space:        1.00 GB reserved,     896.00 KB ( <1%) committed,  1 nodes.
             Both:        1.01 GB reserved,       7.06 MB ( <1%) committed. 

Chunk freelists:
   Non-Class:  1.00 MB
       Class:  3.12 MB
        Both:  4.12 MB

MaxMetaspaceSize: unlimited
CompressedClassSpaceSize: 1.00 GB
Initial GC threshold: 21.00 MB
Current GC threshold: 21.00 MB
CDS: on
MetaspaceReclaimPolicy: balanced
 - commit_granule_bytes: 65536.
 - commit_granule_words: 8192.
 - virtual_space_node_default_size: 1048576.
 - enlarge_chunks_in_place: 1.
 - new_chunks_are_fully_committed: 0.
 - uncommit_free_chunks: 1.
 - use_allocation_guard: 0.
 - handle_deallocations: 1.


Internal statistics:

num_allocs_failed_limit: 0.
num_arena_births: 118.
num_arena_deaths: 0.
num_vsnodes_births: 2.
num_vsnodes_deaths: 0.
num_space_committed: 113.
num_space_uncommitted: 0.
num_chunks_returned_to_freelist: 0.
num_chunks_taken_from_freelist: 167.
num_chunk_merges: 0.
num_chunk_splits: 88.
num_chunks_enlarged: 22.
num_purges: 0.
num_inconsistent_stats: 0.

CodeHeap 'non-profiled nmethods': size=120000Kb used=492Kb max_used=492Kb free=119507Kb
 bounds [0x00000162aeae0000, 0x00000162aed50000, 0x00000162b6010000]
CodeHeap 'profiled nmethods': size=120000Kb used=1790Kb max_used=1790Kb free=118209Kb
 bounds [0x00000162a75b0000, 0x00000162a7820000, 0x00000162aeae0000]
CodeHeap 'non-nmethods': size=5760Kb used=1253Kb max_used=1317Kb free=4506Kb
 bounds [0x00000162a7010000, 0x00000162a7280000, 0x00000162a75b0000]
 total_blobs=1704 nmethods=1131 adapters=486
 compilation: enabled
              stopped_count=0, restarted_count=0
 full_count=0

Compilation events (20 events):
Event: 5956.694 Thread 0x00000162bdfa6b70 nmethod 1123 0x00000162a776da90 code [0x00000162a776dc80, 0x00000162a776e428]
Event: 5956.694 Thread 0x00000162bdfa6b70 1124   !   3       java.awt.Toolkit::setDesktopProperty (81 bytes)
Event: 5956.695 Thread 0x00000162bdfa6b70 nmethod 1124 0x00000162a776e690 code [0x00000162a776e8a0, 0x00000162a776f0e8]
Event: 21484.987 Thread 0x00000162bdf9cbd0 1125       4       java.security.ProtectionDomain$JavaSecurityAccessImpl::doIntersectionPrivilege (22 bytes)
Event: 21485.000 Thread 0x00000162bdf9cbd0 nmethod 1125 0x00000162aeb54e10 code [0x00000162aeb54fc0, 0x00000162aeb55568]
Event: 22473.071 Thread 0x00000162bdfa6b70 1127       3       java.lang.ref.ReferenceQueue::reallyPoll (65 bytes)
Event: 22473.074 Thread 0x00000162bdfa6b70 nmethod 1127 0x00000162a776f390 code [0x00000162a776f560, 0x00000162a776fa98]
Event: 23306.698 Thread 0x00000162bdf9cbd0 1128   !   4       java.awt.EventQueue::setCurrentEventAndMostRecentTimeImpl (191 bytes)
Event: 23306.714 Thread 0x00000162bdf9cbd0 nmethod 1128 0x00000162aeb55e10 code [0x00000162aeb55fe0, 0x00000162aeb56768]
Event: 23308.318 Thread 0x00000162bdf9cbd0 1129       4       java.util.HashMap::remove (26 bytes)
Event: 23308.321 Thread 0x00000162bdf9cbd0 nmethod 1129 0x00000162aeb56c90 code [0x00000162aeb56e20, 0x00000162aeb571b8]
Event: 23308.321 Thread 0x00000162bdf9cbd0 1130       4       java.util.HashMap::removeNode (291 bytes)
Event: 23308.323 Thread 0x00000162bdf9cbd0 nmethod 1130 0x00000162aeb57490 code [0x00000162aeb57620, 0x00000162aeb57998]
Event: 23318.025 Thread 0x00000162bdf9cbd0 1131       4       java.awt.EventQueue::dispatchEvent (80 bytes)
Event: 23318.047 Thread 0x00000162bdf9cbd0 nmethod 1131 0x00000162aeb57c90 code [0x00000162aeb57f20, 0x00000162aeb59290]
Event: 23318.047 Thread 0x00000162bdf9cbd0 1132       4       java.awt.EventQueue::getAccessControlContextFrom (53 bytes)
Event: 23318.048 Thread 0x00000162bdf9cbd0 nmethod 1132 0x00000162aeb5a510 code [0x00000162aeb5a6a0, 0x00000162aeb5a778]
Event: 23322.887 Thread 0x00000162bdf9cbd0 1133   !   4       java.awt.EventDispatchThread::filterAndCheckEvent (108 bytes)
Event: 23322.902 Thread 0x00000162bdf9cbd0 nmethod 1133 0x00000162aeb5a890 code [0x00000162aeb5aa20, 0x00000162aeb5ad98]
Event: 23322.902 Thread 0x00000162bdf9cbd0 1134   !   4       java.awt.EventDispatchThread::pumpOneEventForFilters (113 bytes)

GC Heap History (0 events):
No events

Deoptimization events (20 events):
Event: 0.513 Thread 0x000001629dfcae10 Uncommon trap: trap_request=0xffffff45 fr.pc=0x00000162aeb06ae8 relative=0x0000000000000368
Event: 0.513 Thread 0x000001629dfcae10 Uncommon trap: reason=unstable_if action=reinterpret pc=0x00000162aeb06ae8 method=java.lang.StringUTF16.compress([CI[BII)I @ 20 c2
Event: 0.513 Thread 0x000001629dfcae10 DEOPT PACKING pc=0x00000162aeb06ae8 sp=0x0000003e669fd370
Event: 0.513 Thread 0x000001629dfcae10 DEOPT UNPACKING pc=0x00000162a70623a3 sp=0x0000003e669fd2f0 mode 2
Event: 0.620 Thread 0x00000162befa6df0 Uncommon trap: trap_request=0xffffffde fr.pc=0x00000162aeb13880 relative=0x00000000000003c0
Event: 0.620 Thread 0x00000162befa6df0 Uncommon trap: reason=class_check action=maybe_recompile pc=0x00000162aeb13880 method=java.util.HashMap.getNode(Ljava/lang/Object;)Ljava/util/HashMap$Node; @ 63 c2
Event: 0.620 Thread 0x00000162befa6df0 DEOPT PACKING pc=0x00000162aeb13880 sp=0x0000003e680fd320
Event: 0.620 Thread 0x00000162befa6df0 DEOPT UNPACKING pc=0x00000162a70623a3 sp=0x0000003e680fd298 mode 2
Event: 0.629 Thread 0x00000162befa6df0 Uncommon trap: trap_request=0xffffffde fr.pc=0x00000162aeb13880 relative=0x00000000000003c0
Event: 0.629 Thread 0x00000162befa6df0 Uncommon trap: reason=class_check action=maybe_recompile pc=0x00000162aeb13880 method=java.util.HashMap.getNode(Ljava/lang/Object;)Ljava/util/HashMap$Node; @ 63 c2
Event: 0.629 Thread 0x00000162befa6df0 DEOPT PACKING pc=0x00000162aeb13880 sp=0x0000003e680fd210
Event: 0.630 Thread 0x00000162befa6df0 DEOPT UNPACKING pc=0x00000162a70623a3 sp=0x0000003e680fd188 mode 2
Event: 0.648 Thread 0x00000162befa6df0 Uncommon trap: trap_request=0xffffffde fr.pc=0x00000162aeb13880 relative=0x00000000000003c0
Event: 0.648 Thread 0x00000162befa6df0 Uncommon trap: reason=class_check action=maybe_recompile pc=0x00000162aeb13880 method=java.util.HashMap.getNode(Ljava/lang/Object;)Ljava/util/HashMap$Node; @ 63 c2
Event: 0.648 Thread 0x00000162befa6df0 DEOPT PACKING pc=0x00000162aeb13880 sp=0x0000003e680fdbf0
Event: 0.648 Thread 0x00000162befa6df0 DEOPT UNPACKING pc=0x00000162a70623a3 sp=0x0000003e680fdb68 mode 2
Event: 0.648 Thread 0x00000162befa6df0 Uncommon trap: trap_request=0xffffffde fr.pc=0x00000162aeb13880 relative=0x00000000000003c0
Event: 0.648 Thread 0x00000162befa6df0 Uncommon trap: reason=class_check action=maybe_recompile pc=0x00000162aeb13880 method=java.util.HashMap.getNode(Ljava/lang/Object;)Ljava/util/HashMap$Node; @ 63 c2
Event: 0.648 Thread 0x00000162befa6df0 DEOPT PACKING pc=0x00000162aeb13880 sp=0x0000003e680fdae0
Event: 0.648 Thread 0x00000162befa6df0 DEOPT UNPACKING pc=0x00000162a70623a3 sp=0x0000003e680fda58 mode 2

Classes unloaded (0 events):
No events

Classes redefined (0 events):
No events

Internal exceptions (17 events):
Event: 0.081 Thread 0x000001629dfcae10 Exception <a 'sun/nio/fs/WindowsException'{0x000000008a83fc10}> (0x000000008a83fc10) 
thrown [s\open\src\hotspot\share\prims\jni.cpp, line 516]
Event: 0.082 Thread 0x000001629dfcae10 Exception <a 'sun/nio/fs/WindowsException'{0x000000008a840190}> (0x000000008a840190) 
thrown [s\open\src\hotspot\share\prims\jni.cpp, line 516]
Event: 0.084 Thread 0x000001629dfcae10 Exception <a 'sun/nio/fs/WindowsException'{0x000000008a8426c0}> (0x000000008a8426c0) 
thrown [s\open\src\hotspot\share\prims\jni.cpp, line 516]
Event: 0.084 Thread 0x000001629dfcae10 Exception <a 'sun/nio/fs/WindowsException'{0x000000008a8431d0}> (0x000000008a8431d0) 
thrown [s\open\src\hotspot\share\prims\jni.cpp, line 516]
Event: 0.128 Thread 0x000001629dfcae10 Exception <a 'java/lang/ClassNotFoundException'{0x000000008a8e2448}: sun/awt/resources/spi/awtProvider> (0x000000008a8e2448) 
thrown [s\open\src\hotspot\share\classfile\systemDictionary.cpp, line 256]
Event: 0.155 Thread 0x000001629dfcae10 Exception <a 'java/io/FileNotFoundException'{0x000000008a735bd0}> (0x000000008a735bd0) 
thrown [s\open\src\hotspot\share\prims\jni.cpp, line 516]
Event: 0.165 Thread 0x000001629dfcae10 Exception <a 'java/io/FileNotFoundException'{0x000000008a762af8}> (0x000000008a762af8) 
thrown [s\open\src\hotspot\share\prims\jni.cpp, line 516]
Event: 0.216 Thread 0x000001629dfcae10 Exception <a 'java/lang/NoSuchMethodError'{0x000000008a7a70a8}: 'java.lang.Object java.lang.invoke.DirectMethodHandle$Holder.invokeStaticInit(java.lang.Object)'> (0x000000008a7a70a8) 
thrown [s\open\src\hotspot\share\interpreter\linkResolver.cpp, line 759]
Event: 0.260 Thread 0x000001629dfcae10 Exception <a 'java/lang/NoSuchMethodError'{0x000000008a604d88}: 'void java.lang.invoke.DirectMethodHandle$Holder.invokeSpecial(java.lang.Object, java.lang.Object, java.lang.Object)'> (0x000000008a604d88) 
thrown [s\open\src\hotspot\share\interpreter\linkResolver.cpp, line 759]
Event: 0.267 Thread 0x000001629dfcae10 Exception <a 'java/lang/NoSuchMethodError'{0x000000008a62ef60}: 'java.lang.Object java.lang.invoke.DirectMethodHandle$Holder.newInvokeSpecial(java.lang.Object, java.lang.Object, java.lang.Object, java.lang.Object, java.lang.Object)'> (0x000000008a62ef60) 
thrown [s\open\src\hotspot\share\interpreter\linkResolver.cpp, line 759]
Event: 0.269 Thread 0x000001629dfcae10 Exception <a 'java/lang/NoSuchMethodError'{0x000000008a63a928}: 'java.lang.Object java.lang.invoke.DirectMethodHandle$Holder.invokeStatic(java.lang.Object, int, java.lang.Object, java.lang.Object, java.lang.Object, java.lang.Object)'> (0x000000008a63a928) 
thrown [s\open\src\hotspot\share\interpreter\linkResolver.cpp, line 759]
Event: 0.274 Thread 0x000001629dfcae10 Exception <a 'java/lang/NoSuchMethodError'{0x000000008a6600e8}: 'java.lang.Object java.lang.invoke.DirectMethodHandle$Holder.invokeStatic(java.lang.Object, int, java.lang.Object)'> (0x000000008a6600e8) 
thrown [s\open\src\hotspot\share\interpreter\linkResolver.cpp, line 759]
Event: 0.302 Thread 0x000001629dfcae10 Exception <a 'java/lang/ClassNotFoundException'{0x000000008a518430}: com/sun/swing/internal/plaf/metal/resources/spi/metalProvider> (0x000000008a518430) 
thrown [s\open\src\hotspot\share\classfile\systemDictionary.cpp, line 256]
Event: 0.303 Thread 0x000001629dfcae10 Exception <a 'java/lang/ClassNotFoundException'{0x000000008a51c238}: com/sun/swing/internal/plaf/basic/resources/spi/basicProvider> (0x000000008a51c238) 
thrown [s\open\src\hotspot\share\classfile\systemDictionary.cpp, line 256]
Event: 0.371 Thread 0x00000162bef566e0 Exception <a 'java/lang/NoSuchMethodError'{0x000000008a4ebd80}: 'java.lang.Object java.lang.invoke.DirectMethodHandle$Holder.newInvokeSpecial(java.lang.Object, java.lang.Object, java.lang.Object, int, int, int, int, int)'> (0x000000008a4ebd80) 
thrown [s\open\src\hotspot\share\interpreter\linkResolver.cpp, line 759]
Event: 0.496 Thread 0x000001629dfcae10 Exception <a 'java/lang/NoSuchMethodError'{0x000000008a55fb90}: 'void java.lang.invoke.DirectMethodHandle$Holder.invokeStaticInit(java.lang.Object)'> (0x000000008a55fb90) 
thrown [s\open\src\hotspot\share\interpreter\linkResolver.cpp, line 759]
Event: 0.563 Thread 0x00000162bef013d0 Exception <a 'java/lang/NoSuchMethodError'{0x000000008a7fc5b8}: 'void java.lang.invoke.DirectMethodHandle$Holder.invokeVirtual(java.lang.Object, java.lang.Object)'> (0x000000008a7fc5b8) 
thrown [s\open\src\hotspot\share\interpreter\linkResolver.cpp, line 759]

VM Operations (20 events):
Event: 2877.999 Executing VM operation: Cleanup
Event: 2877.999 Executing VM operation: Cleanup done
Event: 4237.496 Executing VM operation: Cleanup
Event: 4237.496 Executing VM operation: Cleanup done
Event: 4316.277 Executing VM operation: Cleanup
Event: 4316.277 Executing VM operation: Cleanup done
Event: 4333.461 Executing VM operation: Cleanup
Event: 4333.461 Executing VM operation: Cleanup done
Event: 4344.558 Executing VM operation: Cleanup
Event: 4344.558 Executing VM operation: Cleanup done
Event: 4345.570 Executing VM operation: Cleanup
Event: 4345.570 Executing VM operation: Cleanup done
Event: 4350.626 Executing VM operation: Cleanup
Event: 4350.626 Executing VM operation: Cleanup done
Event: 4351.636 Executing VM operation: Cleanup
Event: 4351.636 Executing VM operation: Cleanup done
Event: 5956.800 Executing VM operation: Cleanup
Event: 5956.801 Executing VM operation: Cleanup done
Event: 23310.873 Executing VM operation: Cleanup
Event: 23310.874 Executing VM operation: Cleanup done

Events (20 events):
Event: 0.646 loading class java/text/AttributedCharacterIterator
Event: 0.646 loading class java/text/CharacterIterator
Event: 0.646 loading class java/text/CharacterIterator done
Event: 0.646 loading class java/text/AttributedCharacterIterator done
Event: 0.646 loading class java/text/AttributedString$AttributedStringIterator done
Event: 0.646 loading class java/awt/event/ContainerEvent
Event: 0.646 loading class java/awt/event/ContainerEvent done
Event: 2.567 loading class java/awt/LightweightDispatcher$2
Event: 2.567 loading class java/awt/LightweightDispatcher$2 done
Event: 5.395 loading class java/awt/KeyboardFocusManager$2
Event: 5.396 loading class java/awt/KeyboardFocusManager$2 done
Event: 5.396 loading class sun/awt/SunToolkit$1
Event: 5.396 loading class sun/awt/SunToolkit$1 done
Event: 5.472 Thread 0x00000162bef566e0 Thread exited: 0x00000162bef566e0
Event: 5034.874 loading class java/security/DomainCombiner
Event: 5034.876 loading class java/security/DomainCombiner done
Event: 6125.130 loading class java/awt/desktop/SystemSleepListener
Event: 6125.134 loading class java/awt/desktop/SystemEventListener
Event: 6125.135 loading class java/awt/desktop/SystemEventListener done
Event: 6125.135 loading class java/awt/desktop/SystemSleepListener done


Dynamic libraries:
0x00007ff654490000 - 0x00007ff6544a0000 	C:\Program Files\Java\jdk-17.0.4\bin\java.exe
0x00007ffb67670000 - 0x00007ffb67884000 	C:\WINDOWS\SYSTEM32\ntdll.dll
0x00007ffb65e30000 - 0x00007ffb65ef3000 	C:\WINDOWS\System32\KERNEL32.DLL
0x00007ffb65050000 - 0x00007ffb653ed000 	C:\WINDOWS\System32\KERNELBASE.dll
0x00007ffb64b50000 - 0x00007ffb64c61000 	C:\WINDOWS\System32\ucrtbase.dll
0x00007ffb568c0000 - 0x00007ffb568d8000 	C:\Program Files\Java\jdk-17.0.4\bin\jli.dll
0x00007ffb4c340000 - 0x00007ffb4c35a000 	C:\Program Files\Java\jdk-17.0.4\bin\VCRUNTIME140.dll
0x00007ffb65ca0000 - 0x00007ffb65d4e000 	C:\WINDOWS\System32\ADVAPI32.dll
0x00007ffb67490000 - 0x00007ffb67537000 	C:\WINDOWS\System32\msvcrt.dll
0x00007ffb66100000 - 0x00007ffb661a4000 	C:\WINDOWS\System32\sechost.dll
0x00007ffb661b0000 - 0x00007ffb662c5000 	C:\WINDOWS\System32\RPCRT4.dll
0x00007ffb672c0000 - 0x00007ffb6746d000 	C:\WINDOWS\System32\USER32.dll
0x00007ffb48280000 - 0x00007ffb4850e000 	C:\WINDOWS\WinSxS\amd64_microsoft.windows.common-controls_6595b64144ccf1df_6.0.22621.608_none_a9444ca7c10bb01d\COMCTL32.dll
0x00007ffb64d90000 - 0x00007ffb64db6000 	C:\WINDOWS\System32\win32u.dll
0x00007ffb657f0000 - 0x00007ffb65819000 	C:\WINDOWS\System32\GDI32.dll
0x00007ffb64c70000 - 0x00007ffb64d82000 	C:\WINDOWS\System32\gdi32full.dll
0x00007ffb64dc0000 - 0x00007ffb64e5a000 	C:\WINDOWS\System32\msvcp_win.dll
0x00007ffb5d320000 - 0x00007ffb5d32a000 	C:\WINDOWS\SYSTEM32\VERSION.dll
0x00007ffb65820000 - 0x00007ffb65852000 	C:\WINDOWS\System32\IMM32.DLL
0x00007ffb55070000 - 0x00007ffb5507c000 	C:\Program Files\Java\jdk-17.0.4\bin\vcruntime140_1.dll
0x00007ffb22a80000 - 0x00007ffb22b0d000 	C:\Program Files\Java\jdk-17.0.4\bin\msvcp140.dll
0x00007ffb1b760000 - 0x00007ffb1c322000 	C:\Program Files\Java\jdk-17.0.4\bin\server\jvm.dll
0x00007ffb67060000 - 0x00007ffb67068000 	C:\WINDOWS\System32\PSAPI.DLL
0x00007ffb55490000 - 0x00007ffb55499000 	C:\WINDOWS\SYSTEM32\WSOCK32.dll
0x00007ffb5db10000 - 0x00007ffb5db44000 	C:\WINDOWS\SYSTEM32\WINMM.dll
0x00007ffb65a60000 - 0x00007ffb65ad1000 	C:\WINDOWS\System32\WS2_32.dll
0x00007ffb63ac0000 - 0x00007ffb63ad8000 	C:\WINDOWS\SYSTEM32\kernel.appcore.dll
0x00007ffb55040000 - 0x00007ffb5504a000 	C:\Program Files\Java\jdk-17.0.4\bin\jimage.dll
0x00007ffb621c0000 - 0x00007ffb623ee000 	C:\WINDOWS\SYSTEM32\DBGHELP.DLL
0x00007ffb65460000 - 0x00007ffb657ea000 	C:\WINDOWS\System32\combase.dll
0x00007ffb67540000 - 0x00007ffb67617000 	C:\WINDOWS\System32\OLEAUT32.dll
0x00007ffb56730000 - 0x00007ffb56762000 	C:\WINDOWS\SYSTEM32\dbgcore.DLL
0x00007ffb64e60000 - 0x00007ffb64edb000 	C:\WINDOWS\System32\bcryptPrimitives.dll
0x00007ffb3f100000 - 0x00007ffb3f125000 	C:\Program Files\Java\jdk-17.0.4\bin\java.dll
0x00007ffb21d60000 - 0x00007ffb21e36000 	C:\Program Files\Java\jdk-17.0.4\bin\jsvml.dll
0x00007ffb662d0000 - 0x00007ffb66abf000 	C:\WINDOWS\System32\SHELL32.dll
0x00007ffb62a70000 - 0x00007ffb63338000 	C:\WINDOWS\SYSTEM32\windows.storage.dll
0x00007ffb62930000 - 0x00007ffb62a6e000 	C:\WINDOWS\SYSTEM32\wintypes.dll
0x00007ffb65f00000 - 0x00007ffb65ff1000 	C:\WINDOWS\System32\SHCORE.dll
0x00007ffb65a00000 - 0x00007ffb65a5e000 	C:\WINDOWS\System32\shlwapi.dll
0x00007ffb649c0000 - 0x00007ffb649e1000 	C:\WINDOWS\SYSTEM32\profapi.dll
0x00007ffb41e70000 - 0x00007ffb41e89000 	C:\Program Files\Java\jdk-17.0.4\bin\net.dll
0x00007ffb5e1e0000 - 0x00007ffb5e30f000 	C:\WINDOWS\SYSTEM32\WINHTTP.dll
0x00007ffb63f50000 - 0x00007ffb63fb9000 	C:\WINDOWS\system32\mswsock.dll
0x00007ffb41680000 - 0x00007ffb41696000 	C:\Program Files\Java\jdk-17.0.4\bin\nio.dll
0x00007ffb20800000 - 0x00007ffb2098f000 	C:\Program Files\Java\jdk-17.0.4\bin\awt.dll
0x00007ffb61ac0000 - 0x00007ffb61b57000 	C:\WINDOWS\SYSTEM32\apphelp.dll
0x00007ffb61f00000 - 0x00007ffb61f2b000 	C:\WINDOWS\system32\DWMAPI.DLL
0x00007ffb61ca0000 - 0x00007ffb61d4b000 	C:\WINDOWS\system32\uxtheme.dll
0x00007ffb40680000 - 0x00007ffb40780000 	C:\WINDOWS\system32\opengl32.dll
0x00007ffb4d5c0000 - 0x00007ffb4d5ed000 	C:\WINDOWS\SYSTEM32\GLU32.dll
0x00007ffb61da0000 - 0x00007ffb61dd6000 	C:\WINDOWS\SYSTEM32\dxcore.dll
0x00007ffb66ac0000 - 0x00007ffb66bde000 	C:\WINDOWS\System32\MSCTF.dll
0x00007ffb65860000 - 0x00007ffb659fc000 	C:\WINDOWS\System32\ole32.dll
0x00007ffb405b0000 - 0x00007ffb405c8000 	C:\Program Files\Java\jdk-17.0.4\bin\zip.dll
0x00007ffb5ec10000 - 0x00007ffb5ec3d000 	C:\Program Files\Java\jdk-17.0.4\bin\javajpeg.dll
0x00007ffb21c40000 - 0x00007ffb21cc9000 	C:\Program Files\Java\jdk-17.0.4\bin\freetype.dll
0x00007ffb1f010000 - 0x00007ffb1f0b8000 	C:\Program Files\Java\jdk-17.0.4\bin\fontmanager.dll
0x00007ffb4bf40000 - 0x00007ffb4c06d000 	C:\WINDOWS\SYSTEM32\textinputframework.dll
0x00007ffb617e0000 - 0x00007ffb61913000 	C:\WINDOWS\SYSTEM32\CoreMessaging.dll
0x00007ffb53f30000 - 0x00007ffb5429c000 	C:\WINDOWS\SYSTEM32\CoreUIComponents.dll
0x00007ffb641c0000 - 0x00007ffb641cc000 	C:\WINDOWS\SYSTEM32\CRYPTBASE.DLL

dbghelp: loaded successfully - version: 4.0.5 - missing functions: none
symbol engine: initialized successfully - sym options: 0x614 - pdb path: .;C:\Program Files\Java\jdk-17.0.4\bin;C:\WINDOWS\SYSTEM32;C:\WINDOWS\WinSxS\amd64_microsoft.windows.common-controls_6595b64144ccf1df_6.0.22621.608_none_a9444ca7c10bb01d;C:\Program Files\Java\jdk-17.0.4\bin\server

VM Arguments:
jvm_args: -Dfile.encoding=UTF-8 --module-path=C:\Users\Hp\Documents\NetBeansProjects\Employee_Management_System\build\classes 
java_command: employee_management_system.Splash
java_class_path (initial): C:\Users\Hp\Documents\NetBeansProjects\Employee_Management_System\build\classes
Launcher Type: SUN_STANDARD

[Global flags]
     intx CICompilerCount                          = 4                                         {product} {ergonomic}
     uint ConcGCThreads                            = 2                                         {product} {ergonomic}
     uint G1ConcRefinementThreads                  = 8                                         {product} {ergonomic}
   size_t G1HeapRegionSize                         = 1048576                                   {product} {ergonomic}
    uintx GCDrainStackTargetSize                   = 64                                        {product} {ergonomic}
   size_t InitialHeapSize                          = 132120576                                 {product} {ergonomic}
   size_t MarkStackSize                            = 4194304                                   {product} {ergonomic}
   size_t MaxHeapSize                              = 2101346304                                {product} {ergonomic}
   size_t MaxNewSize                               = 1260388352                                {product} {ergonomic}
   size_t MinHeapDeltaBytes                        = 1048576                                   {product} {ergonomic}
   size_t MinHeapSize                              = 8388608                                   {product} {ergonomic}
    uintx NonNMethodCodeHeapSize                   = 5839372                                {pd product} {ergonomic}
    uintx NonProfiledCodeHeapSize                  = 122909434                              {pd product} {ergonomic}
    uintx ProfiledCodeHeapSize                     = 122909434                              {pd product} {ergonomic}
    uintx ReservedCodeCacheSize                    = 251658240                              {pd product} {ergonomic}
     bool SegmentedCodeCache                       = true                                      {product} {ergonomic}
   size_t SoftMaxHeapSize                          = 2101346304                             {manageable} {ergonomic}
     bool UseCompressedClassPointers               = true                           {product lp64_product} {ergonomic}
     bool UseCompressedOops                        = true                           {product lp64_product} {ergonomic}
     bool UseG1GC                                  = true                                      {product} {ergonomic}
     bool UseLargePagesIndividualAllocation        = false                                  {pd product} {ergonomic}

Logging:
Log output configuration:
 #0: stdout all=warning uptime,level,tags
 #1: stderr all=off uptime,level,tags

Environment Variables:
PATH=C:\Program Files\Common Files\Oracle\Java\javapath;C:\Program Files (x86)\Common Files\Oracle\Java\javapath;C:\WINDOWS\system32;C:\WINDOWS;C:\WINDOWS\System32\Wbem;C:\WINDOWS\System32\WindowsPowerShell\v1.0\;C:\WINDOWS\System32\OpenSSH\;C:\Program Files\Microsoft SQL Server\120\Tools\Binn\;C:\MinGW\bin;C:\Program Files\Git\cmd;C:\Program Files\Java\jdk-17.0.4\bin;C:\Program Files\MySQL\MySQL Shell 8.0\bin\;C:\Users\Hp\anaconda3;C:\Users\Hp\anaconda3\Library\mingw-w64\bin;C:\Users\Hp\anaconda3\Library\usr\bin;C:\Users\Hp\anaconda3\Library\bin;C:\Users\Hp\anaconda3\Scripts;C:\Users\Hp\AppData\Local\Programs\Python\Python310\Scripts\;C:\Users\Hp\AppData\Local\Programs\Python\Python310\;C:\Users\Hp\AppData\Local\Microsoft\WindowsApps;C:\Program Files (x86)\mingw-w64\i686-8.1.0-posix-dwarf-rt_v6-rev0\mingw32\bin;C:\Program Files\JetBrains\PyCharm Community Edition 2021.2.2\bin;;C:\Users\Hp\AppData\Local\GitHubDesktop\bin;C:\Users\Hp\heroku\bin;C:\Users\Hp\AppData\Local\Programs\Microsoft VS Code\bin;C:\Program Files\Java\jre1.8.0_341\bin;
USERNAME=Hp
OS=Windows_NT
PROCESSOR_IDENTIFIER=Intel64 Family 6 Model 142 Stepping 12, GenuineIntel



---------------  S Y S T E M  ---------------

OS:
 Windows 11 , 64 bit Build 22621 (10.0.22621.963)
OS uptime: 4 days 13:46 hours
Hyper-V role detected

CPU: total 8 (initial active 8) (4 cores per cpu, 2 threads per core) family 6 model 142 stepping 12 microcode 0xec, cx8, cmov, fxsr, ht, mmx, 3dnowpref, sse, sse2, sse3, ssse3, sse4.1, sse4.2, popcnt, lzcnt, tsc, tscinvbit, avx, avx2, aes, erms, clmul, bmi1, bmi2, adx, fma, vzeroupper, clflush, clflushopt, hv

Memory: 4k page, system-wide physical 8014M (235M free)
TotalPageFile size 32590M (AvailPageFile size 0M)
current process WorkingSet (physical memory assigned to process): 16M, peak: 74M
current process commit charge ("private bytes"): 220M, peak: 233M

vm_info: Java HotSpot(TM) 64-Bit Server VM (17.0.4+11-LTS-179) for windows-amd64 JRE (17.0.4+11-LTS-179), built on Jun 28 2022 08:23:05 by "mach5one" with MS VC++ 16.8 / 16.9 (VS2019)

END.
